0 info it worked if it ends with ok
1 verbose cli [ '/usr/local/bin/node',
1 verbose cli   '/usr/local/bin/npm',
1 verbose cli   'run',
1 verbose cli   'docs:publish' ]
2 info using npm@3.8.6
3 info using node@v6.0.0
4 verbose run-script [ 'predocs:publish', 'docs:publish', 'postdocs:publish' ]
5 info lifecycle micrograph@1.0.0-alpha.11~predocs:publish: micrograph@1.0.0-alpha.11
6 silly lifecycle micrograph@1.0.0-alpha.11~predocs:publish: no script for predocs:publish, continuing
7 info lifecycle micrograph@1.0.0-alpha.11~docs:publish: micrograph@1.0.0-alpha.11
8 verbose lifecycle micrograph@1.0.0-alpha.11~docs:publish: unsafe-perm in lifecycle true
9 verbose lifecycle micrograph@1.0.0-alpha.11~docs:publish: PATH: /usr/local/lib/node_modules/npm/bin/node-gyp-bin:/Users/dylanslack/Documents/GitHub/micrograph/node_modules/.bin:/usr/local/bin:/Users/dylanslack/google-cloud-sdk/bin:/usr/local/bin:/usr/bin:/bin:/usr/sbin:/sbin:/opt/X11/bin:/usr/local/git/bin
10 verbose lifecycle micrograph@1.0.0-alpha.11~docs:publish: CWD: /Users/dylanslack/Documents/GitHub/micrograph
11 silly lifecycle micrograph@1.0.0-alpha.11~docs:publish: Args: [ '-c',
11 silly lifecycle   'rimraf docs/_book && cd docs/_book && git init && git commit --allow-empty -m \'update book\' && git checkout -b gh-pages && touch .nojekyll && git add . && git commit -am \'update book\' && git push https://github.com/directlyio/micrograph.git gh-pages --force' ]
12 silly lifecycle micrograph@1.0.0-alpha.11~docs:publish: Returned: code: 1  signal: null
13 info lifecycle micrograph@1.0.0-alpha.11~docs:publish: Failed to exec docs:publish script
14 verbose stack Error: micrograph@1.0.0-alpha.11 docs:publish: `rimraf docs/_book && cd docs/_book && git init && git commit --allow-empty -m 'update book' && git checkout -b gh-pages && touch .nojekyll && git add . && git commit -am 'update book' && git push https://github.com/directlyio/micrograph.git gh-pages --force`
14 verbose stack Exit status 1
14 verbose stack     at EventEmitter.<anonymous> (/usr/local/lib/node_modules/npm/lib/utils/lifecycle.js:239:16)
14 verbose stack     at emitTwo (events.js:106:13)
14 verbose stack     at EventEmitter.emit (events.js:191:7)
14 verbose stack     at ChildProcess.<anonymous> (/usr/local/lib/node_modules/npm/lib/utils/spawn.js:24:14)
14 verbose stack     at emitTwo (events.js:106:13)
14 verbose stack     at ChildProcess.emit (events.js:191:7)
14 verbose stack     at maybeClose (internal/child_process.js:850:16)
14 verbose stack     at Process.ChildProcess._handle.onexit (internal/child_process.js:215:5)
15 verbose pkgid micrograph@1.0.0-alpha.11
16 verbose cwd /Users/dylanslack/Documents/GitHub/micrograph/docs
17 error Darwin 15.0.0
18 error argv "/usr/local/bin/node" "/usr/local/bin/npm" "run" "docs:publish"
19 error node v6.0.0
20 error npm  v3.8.6
21 error code ELIFECYCLE
22 error micrograph@1.0.0-alpha.11 docs:publish: `rimraf docs/_book && cd docs/_book && git init && git commit --allow-empty -m 'update book' && git checkout -b gh-pages && touch .nojekyll && git add . && git commit -am 'update book' && git push https://github.com/directlyio/micrograph.git gh-pages --force`
22 error Exit status 1
23 error Failed at the micrograph@1.0.0-alpha.11 docs:publish script 'rimraf docs/_book && cd docs/_book && git init && git commit --allow-empty -m 'update book' && git checkout -b gh-pages && touch .nojekyll && git add . && git commit -am 'update book' && git push https://github.com/directlyio/micrograph.git gh-pages --force'.
23 error Make sure you have the latest version of node.js and npm installed.
23 error If you do, this is most likely a problem with the micrograph package,
23 error not with npm itself.
23 error Tell the author that this fails on your system:
23 error     rimraf docs/_book && cd docs/_book && git init && git commit --allow-empty -m 'update book' && git checkout -b gh-pages && touch .nojekyll && git add . && git commit -am 'update book' && git push https://github.com/directlyio/micrograph.git gh-pages --force
23 error You can get information on how to open an issue for this project with:
23 error     npm bugs micrograph
23 error Or if that isn't available, you can get their info via:
23 error     npm owner ls micrograph
23 error There is likely additional logging output above.
24 verbose exit [ 1, true ]
